2024-12-21 17:51:47 DEBUG InternalLoggerFactory:89 - Using Log4J as the default logging framework
2024-12-21 17:51:47 DEBUG PlatformDependent0:554 - -Dio.netty.noUnsafe: false
2024-12-21 17:51:47 DEBUG PlatformDependent0:1072 - Java version: 17
2024-12-21 17:51:47 DEBUG PlatformDependent0:140 - sun.misc.Unsafe.theUnsafe: available
2024-12-21 17:51:47 DEBUG PlatformDependent0:203 - sun.misc.Unsafe base methods: all available
2024-12-21 17:51:47 DEBUG PlatformDependent0:235 - sun.misc.Unsafe.storeFence: available
2024-12-21 17:51:47 DEBUG PlatformDependent0:278 - java.nio.Buffer.address: available
2024-12-21 17:51:47 DEBUG PlatformDependent0:364 - direct buffer constructor: unavailable: Reflective setAccessible(true) disabled
2024-12-21 17:51:47 DEBUG PlatformDependent0:442 - java.nio.Bits.unaligned: available, true
2024-12-21 17:51:47 DEBUG PlatformDependent0:510 - jdk.internal.misc.Unsafe.allocateUninitializedArray(int): unavailable: class io.netty.util.internal.PlatformDependent0$7 cannot access class jdk.internal.misc.Unsafe (in module java.base) because module java.base does not export jdk.internal.misc to unnamed module @4617c264
2024-12-21 17:51:47 DEBUG PlatformDependent0:540 - java.nio.DirectByteBuffer.<init>(long, {int,long}): unavailable
2024-12-21 17:51:47 DEBUG PlatformDependent:1196 - sun.misc.Unsafe: available
2024-12-21 17:51:47 DEBUG PlatformDependent:1342 - -Dio.netty.tmpdir: /var/folders/5d/8rxnzl4x1r79ynlq1yb3cvp40000gn/T (java.io.tmpdir)
2024-12-21 17:51:47 DEBUG PlatformDependent:1421 - -Dio.netty.bitMode: 64 (sun.arch.data.model)
2024-12-21 17:51:47 DEBUG PlatformDependent:1164 - Platform: MacOS
2024-12-21 17:51:47 DEBUG PlatformDependent:180 - -Dio.netty.maxDirectMemory: -1 bytes
2024-12-21 17:51:47 DEBUG PlatformDependent:187 - -Dio.netty.uninitializedArrayAllocationThreshold: -1
2024-12-21 17:51:47 DEBUG CleanerJava9:71 - java.nio.ByteBuffer.cleaner(): available
2024-12-21 17:51:47 DEBUG PlatformDependent:207 - -Dio.netty.noPreferDirect: false
2024-12-21 17:51:47 DEBUG ResourceLeakDetector:129 - -Dio.netty.leakDetection.level: simple
2024-12-21 17:51:47 DEBUG ResourceLeakDetector:130 - -Dio.netty.leakDetection.targetRecords: 4
2024-12-21 17:51:47 DEBUG MultithreadEventLoopGroup:44 - -Dio.netty.eventLoopThreads: 20
2024-12-21 17:51:47 DEBUG GlobalEventExecutor:53 - -Dio.netty.globalEventExecutor.quietPeriodSeconds: 1
2024-12-21 17:51:47 DEBUG InternalThreadLocalMap:100 - -Dio.netty.threadLocalMap.stringBuilder.initialSize: 1024
2024-12-21 17:51:47 DEBUG InternalThreadLocalMap:101 - -Dio.netty.threadLocalMap.stringBuilder.maxSize: 4096
2024-12-21 17:51:47 DEBUG NioEventLoop:110 - -Dio.netty.noKeySetOptimization: false
2024-12-21 17:51:47 DEBUG NioEventLoop:111 - -Dio.netty.selectorAutoRebuildThreshold: 512
2024-12-21 17:51:47 DEBUG PlatformDependent:1030 - org.jctools-core.MpscChunkedArrayQueue: available
2024-12-21 17:51:47 DEBUG DefaultDnsServerAddressStreamProvider:98 - Default DNS servers: [/[240e:40:8000:0:0:0:0:10]:53, /[240e:40:8000:0:0:0:0:11]:53, /192.168.1.1:53] (sun.net.dns.ResolverConfiguration)
2024-12-21 17:51:47 DEBUG NetUtil:149 - -Djava.net.preferIPv4Stack: false
2024-12-21 17:51:47 DEBUG NetUtil:150 - -Djava.net.preferIPv6Addresses: false
2024-12-21 17:51:47 DEBUG NetUtilInitializations:145 - Loopback interface: lo0 (lo0, 0:0:0:0:0:0:0:1%lo0)
2024-12-21 17:51:47 DEBUG NetUtil:216 - Failed to get SOMAXCONN from sysctl and file /proc/sys/net/core/somaxconn. Default: 128
2024-12-21 17:51:47 DEBUG DnsNameResolver:149 - Default ResolvedAddressTypes: IPV4_PREFERRED
2024-12-21 17:51:47 DEBUG DnsNameResolver:150 - Localhost address: localhost/127.0.0.1
2024-12-21 17:51:47 DEBUG DnsNameResolver:159 - Windows hostname: null
2024-12-21 17:51:47 DEBUG DnsNameResolver:172 - Default search domains: []
2024-12-21 17:51:47 DEBUG DnsNameResolver:181 - Default UnixResolverOptions{ndots=1, timeout=5, attempts=16}
2024-12-21 17:51:47 DEBUG DefaultHostsFileEntriesResolver:53 - -Dio.netty.hostsFileRefreshInterval: 0
2024-12-21 17:51:47 WARN  DnsServerAddressStreamProviders:70 - Can not find io.netty.resolver.dns.macos.MacOSDnsServerAddressStreamProvider in the classpath, fallback to system defaults. This may result in incorrect DNS resolutions on MacOS. Check whether you have a dependency on 'io.netty:netty-resolver-dns-native-macos'
2024-12-21 17:51:47 INFO  MainVerticle:31 - 启动main verticle...
